<?xml version="1.0" encoding="UTF-8"?>
<!-- Generated by org.testng.reporters.JUnitReportReporter -->
<testsuite hostname="DESKTOP-DCUKDOL" failures="0" tests="1" name="browsers.TestNG_Browser" time="4.638" errors="0" timestamp="2025-10-29T18:12:57 IST" skipped="0">
  <testcase classname="browsers.TestNG_Browser" name="ChromeBrowser" time="4.638"/>
</testsuite> <!-- browsers.TestNG_Browser -->
